1 Threads:
1 Threads:
1 Threads:
1390.74

2 Threads:
701.76

3 Threads:
469.98

4 Threads:
352.36

5 Threads:
282.25

6 Threads:
235.36

7 Threads:
201.64

8 Threads:
176.95

9 Threads:
157.76

10 Threads:
142.09

11 Threads:
129.94

12 Threads:
119.85

1 Threads:
1393.46

2 Threads:
701.33

3 Threads:
467.09

4 Threads:
350.00

5 Threads:
280.90

6 Threads:
234.16

7 Threads:
223.11

8 Threads:
212.91

9 Threads:
203.94

10 Threads:
195.84

11 Threads:
189.05

12 Threads:
181.77

1 Threads:
1391.74

2 Threads:
703.24

3 Threads:
467.11

4 Threads:
349.82

5 Threads:
280.45

6 Threads:
233.63

7 Threads:
223.16

8 Threads:
214.84

9 Threads:
203.91

10 Threads:
195.83

11 Threads:
188.36

12 Threads:
182.31

